2025-06-02 23:51:20,376 - ERROR - Error loading config: [Errno 2] No such file or directory: 'config.json'
2025-06-02 23:51:20,376 - INFO - @config.py initialized successfully
2025-06-02 23:51:59,408 - ERROR - Error loading config: [Errno 2] No such file or directory: 'config.json'
2025-06-02 23:51:59,408 - INFO - @config.py initialized successfully
2025-06-02 23:54:28,310 - INFO - @config.py initialized successfully
2025-06-02 23:55:25,221 - INFO - @config.py initialized successfully
2025-06-03 00:01:22,168 - INFO - @config.py initialized successfully
2025-06-03 00:01:52,329 - INFO - @config.py initialized successfully
2025-06-03 00:15:50,193 - INFO - @config.py initialized successfully
2025-06-03 00:15:51,105 - INFO - @embedding.py: Loaded 30 pages from PDF.
2025-06-03 00:15:56,462 - INFO - @embedding.py: Succesfully Instantiated Qdrant client.
2025-06-03 00:15:59,152 - INFO - @embedding.py: Succesfully added documents to vectorstore.
2025-06-03 00:15:59,292 - INFO - @embedding.py: Succesfully retrieved documents.
2025-06-03 00:15:59,435 - INFO - @embedding.py: Succesfully retrieved documents.
2025-06-03 00:16:38,632 - INFO - @config.py initialized successfully
2025-06-03 00:16:39,563 - INFO - @embedding.py: Loaded 30 pages from PDF.
2025-06-03 00:16:45,316 - INFO - @embedding.py: Succesfully Instantiated Qdrant client.
2025-06-03 00:16:48,081 - INFO - @embedding.py: Succesfully added documents to vectorstore.
2025-06-03 00:16:48,228 - INFO - @embedding.py: Succesfully retrieved documents.
2025-06-03 00:16:48,378 - INFO - @embedding.py: Succesfully retrieved documents.
2025-06-03 00:19:55,055 - INFO - @config.py initialized successfully
2025-06-03 00:20:05,627 - INFO - @config.py initialized successfully
2025-06-03 00:20:06,530 - INFO - @embedding.py: Loaded 30 pages from PDF.
2025-06-03 00:20:11,394 - INFO - @embedding.py: Succesfully Instantiated Qdrant client.
2025-06-03 00:20:14,017 - INFO - @embedding.py: Succesfully added documents to vectorstore.
2025-06-03 00:24:19,391 - INFO - @config.py initialized successfully
2025-06-03 00:27:24,186 - INFO - @config.py initialized successfully
2025-06-03 00:27:25,104 - INFO - @embedding.py: Loaded 30 pages from PDF.
2025-06-03 00:27:30,088 - INFO - @embedding.py: Succesfully Instantiated Qdrant client.
2025-06-03 00:27:32,845 - INFO - @embedding.py: Succesfully added documents to vectorstore.
2025-06-03 00:27:32,987 - INFO - @embedding.py: Succesfully retrieved documents.
2025-06-03 00:37:32,876 - INFO - @config.py initialized successfully
2025-06-03 00:37:33,772 - INFO - @embedding.py: Loaded 30 pages from PDF.
2025-06-03 00:37:38,863 - INFO - @embedding.py: Succesfully Instantiated Qdrant client.
2025-06-03 00:37:41,453 - INFO - @embedding.py: Succesfully added documents to vectorstore.
2025-06-03 00:38:32,042 - INFO - @config.py initialized successfully
2025-06-03 00:38:32,950 - INFO - @embedding.py: Loaded 30 pages from PDF.
2025-06-03 00:38:38,446 - INFO - @embedding.py: Succesfully Instantiated Qdrant client.
2025-06-03 00:38:41,008 - INFO - @embedding.py: Succesfully added documents to vectorstore.
2025-06-03 00:38:43,542 - INFO - @embedding.py: Succesfully retrieved documents.
2025-06-03 21:21:08,869 - INFO - @config.py initialized successfully
2025-06-03 21:21:09,768 - INFO - @embedding.py: Loaded 30 pages from PDF.
2025-06-03 21:21:15,660 - INFO - @embedding.py: Succesfully Instantiated Qdrant client.
2025-06-03 21:21:18,518 - INFO - @embedding.py: Succesfully added documents to vectorstore.
2025-06-03 21:21:24,582 - INFO - @embedding.py: Succesfully retrieved documents.
2025-06-03 21:22:13,819 - INFO - @config.py initialized successfully
2025-06-03 21:22:14,702 - INFO - @embedding.py: Loaded 30 pages from PDF.
2025-06-03 21:22:19,947 - INFO - @embedding.py: Succesfully Instantiated Qdrant client.
2025-06-03 21:22:22,646 - INFO - @embedding.py: Succesfully added documents to vectorstore.
2025-06-03 21:22:25,182 - INFO - @embedding.py: Succesfully retrieved documents.
2025-06-03 21:31:55,237 - INFO - @config.py initialized successfully
2025-06-03 21:31:56,127 - INFO - @embedding.py: Loaded 30 pages from PDF.
2025-06-03 21:32:01,345 - INFO - @embedding.py: Succesfully Instantiated Qdrant client.
2025-06-03 21:32:04,192 - INFO - @embedding.py: Succesfully added documents to vectorstore.
2025-06-03 21:32:06,011 - INFO - @embedding.py: Succesfully retrieved documents.
2025-06-03 21:34:05,184 - INFO - @config.py initialized successfully
2025-06-03 21:34:06,086 - INFO - @embedding.py: Loaded 30 pages from PDF.
2025-06-03 21:34:11,860 - INFO - @embedding.py: Succesfully Instantiated Qdrant client.
2025-06-03 21:34:14,495 - INFO - @embedding.py: Succesfully added documents to vectorstore.
2025-06-03 21:34:18,548 - INFO - @embedding.py: Succesfully retrieved documents.
2025-06-03 21:43:16,657 - INFO - @config.py initialized successfully
2025-06-03 21:43:17,539 - INFO - @embedding.py: Loaded 30 pages from PDF.
2025-06-03 21:43:22,576 - INFO - @embedding.py: Succesfully Instantiated Qdrant client.
2025-06-03 21:43:25,277 - INFO - @embedding.py: Succesfully added documents to vectorstore.
2025-06-03 21:43:27,892 - INFO - @embedding.py: Succesfully retrieved documents.
2025-06-03 21:54:36,946 - INFO - @config.py initialized successfully
2025-06-03 21:54:37,837 - INFO - @embedding.py: Loaded 30 pages from PDF.
2025-06-03 21:54:43,239 - INFO - @embedding.py: Succesfully Instantiated Qdrant client.
2025-06-03 21:54:45,843 - INFO - @embedding.py: Succesfully added documents to vectorstore.
2025-06-03 21:54:53,619 - INFO - @embedding.py: Succesfully retrieved documents.
2025-06-03 21:55:32,453 - INFO - @config.py initialized successfully
2025-06-03 21:55:33,343 - INFO - @embedding.py: Loaded 30 pages from PDF.
2025-06-03 21:55:38,053 - INFO - @embedding.py: Succesfully Instantiated Qdrant client.
2025-06-03 21:55:40,579 - INFO - @embedding.py: Succesfully added documents to vectorstore.
2025-06-03 21:55:43,210 - INFO - @embedding.py: Succesfully retrieved documents.
2025-06-04 18:26:34,556 - INFO - @config.py initialized successfully
2025-06-04 18:26:35,448 - INFO - @embedding.py: Loaded 30 pages from PDF.
2025-06-04 18:26:41,427 - INFO - @embedding.py: Succesfully Instantiated Qdrant client.
2025-06-04 18:26:43,928 - INFO - @embedding.py: Succesfully added documents to vectorstore.
2025-06-04 18:26:47,458 - INFO - @embedding.py: Succesfully retrieved documents.
2025-06-04 18:29:20,090 - INFO - @config.py initialized successfully
2025-06-04 18:29:21,018 - INFO - @embedding.py: Loaded 30 pages from PDF.
2025-06-04 18:29:26,397 - INFO - @embedding.py: Succesfully Instantiated Qdrant client.
2025-06-04 18:29:28,630 - INFO - @embedding.py: Succesfully added documents to vectorstore.
2025-06-04 18:29:35,507 - INFO - @embedding.py: Succesfully retrieved documents.
2025-06-07 14:05:39,153 - INFO - @config.py initialized successfully
2025-06-07 14:05:40,073 - INFO - @embedding.py: Loaded 30 pages from PDF.
2025-06-07 14:05:49,220 - INFO - @embedding.py: Succesfully Instantiated Qdrant client.
2025-06-07 14:05:51,917 - INFO - @embedding.py: Succesfully added documents to vectorstore.
2025-06-07 14:06:04,592 - INFO - @config.py initialized successfully
2025-06-07 14:06:05,482 - INFO - @embedding.py: Loaded 30 pages from PDF.
2025-06-07 14:06:10,547 - INFO - @embedding.py: Succesfully Instantiated Qdrant client.
2025-06-07 14:06:13,241 - INFO - @embedding.py: Succesfully added documents to vectorstore.
2025-06-07 14:08:07,028 - INFO - @config.py initialized successfully
2025-06-07 14:08:07,927 - INFO - @embedding.py: Loaded 30 pages from PDF.
2025-06-07 14:08:13,648 - INFO - @embedding.py: Succesfully Instantiated Qdrant client.
2025-06-07 14:08:16,326 - INFO - @embedding.py: Succesfully added documents to vectorstore.
2025-06-07 14:09:03,662 - INFO - @config.py initialized successfully
2025-06-07 14:09:04,539 - INFO - @embedding.py: Loaded 30 pages from PDF.
2025-06-07 14:09:10,066 - INFO - @embedding.py: Succesfully Instantiated Qdrant client.
2025-06-07 14:09:12,760 - INFO - @embedding.py: Succesfully added documents to vectorstore.
2025-06-07 14:09:14,973 - INFO - @embedding.py: Succesfully retrieved documents.
2025-06-07 14:09:15,594 - INFO - @embedding.py: Succesfully retrieved documents.
2025-06-07 14:09:15,694 - INFO - @embedding.py: Succesfully retrieved documents.
2025-06-07 14:14:29,167 - INFO - @config.py initialized successfully
2025-06-07 14:14:30,057 - INFO - @embedding.py: Loaded 30 pages from PDF.
2025-06-07 14:14:36,278 - INFO - @embedding.py: Succesfully Instantiated Qdrant client.
2025-06-07 14:14:38,968 - INFO - @embedding.py: Succesfully added documents to vectorstore.
2025-06-07 14:14:41,309 - INFO - @embedding.py: Succesfully retrieved documents.
2025-06-07 14:15:02,196 - INFO - @config.py initialized successfully
2025-06-07 14:15:03,138 - INFO - @embedding.py: Loaded 30 pages from PDF.
2025-06-07 14:15:08,412 - INFO - @embedding.py: Succesfully Instantiated Qdrant client.
2025-06-07 14:15:10,961 - INFO - @embedding.py: Succesfully added documents to vectorstore.
2025-06-07 14:15:13,277 - INFO - @embedding.py: Succesfully retrieved documents.
2025-06-07 14:15:13,446 - INFO - @embedding.py: Succesfully retrieved documents.
2025-06-07 14:15:14,134 - INFO - @embedding.py: Succesfully retrieved documents.
2025-06-07 14:17:24,673 - INFO - @config.py initialized successfully
2025-06-07 14:17:25,581 - INFO - @embedding.py: Loaded 30 pages from PDF.
2025-06-07 14:17:30,990 - INFO - @embedding.py: Succesfully Instantiated Qdrant client.
2025-06-07 14:17:33,810 - INFO - @embedding.py: Succesfully added documents to vectorstore.
2025-06-07 14:17:36,788 - INFO - @embedding.py: Succesfully retrieved documents.
2025-06-07 14:17:36,928 - INFO - @embedding.py: Succesfully retrieved documents.
2025-06-07 14:17:37,066 - INFO - @embedding.py: Succesfully retrieved documents.
2025-06-07 14:32:52,935 - INFO - @config.py initialized successfully
2025-06-07 14:32:53,827 - INFO - @embedding.py: Loaded 30 pages from PDF.
2025-06-07 14:32:59,916 - INFO - @embedding.py: Succesfully Instantiated Qdrant client.
2025-06-07 14:33:02,610 - INFO - @embedding.py: Succesfully added documents to vectorstore.
2025-06-07 14:33:04,885 - INFO - @embedding.py: Succesfully retrieved documents.
2025-06-07 14:33:05,545 - INFO - @embedding.py: Succesfully retrieved documents.
2025-06-07 14:33:05,643 - INFO - @embedding.py: Succesfully retrieved documents.
2025-06-07 14:33:47,446 - INFO - @config.py initialized successfully
2025-06-07 14:33:48,363 - INFO - @embedding.py: Loaded 30 pages from PDF.
2025-06-07 14:33:53,500 - INFO - @embedding.py: Succesfully Instantiated Qdrant client.
2025-06-07 14:33:56,153 - INFO - @embedding.py: Succesfully added documents to vectorstore.
2025-06-07 14:33:58,781 - INFO - @embedding.py: Succesfully retrieved documents.
2025-06-07 14:33:58,928 - INFO - @embedding.py: Succesfully retrieved documents.
2025-06-07 14:33:59,071 - INFO - @embedding.py: Succesfully retrieved documents.
2025-06-07 14:36:09,860 - INFO - @config.py initialized successfully
2025-06-07 14:36:10,766 - INFO - @embedding.py: Loaded 30 pages from PDF.
2025-06-07 14:36:15,905 - INFO - @embedding.py: Succesfully Instantiated Qdrant client.
2025-06-07 14:36:18,607 - INFO - @embedding.py: Succesfully added documents to vectorstore.
2025-06-07 14:36:20,984 - INFO - @embedding.py: Succesfully retrieved documents.
2025-06-07 14:36:21,083 - INFO - @embedding.py: Succesfully retrieved documents.
2025-06-07 14:36:21,186 - INFO - @embedding.py: Succesfully retrieved documents.
2025-06-07 14:42:29,654 - INFO - @config.py initialized successfully
2025-06-07 14:42:30,532 - INFO - @embedding.py: Loaded 30 pages from PDF.
2025-06-07 14:42:36,187 - INFO - @embedding.py: Succesfully Instantiated Qdrant client.
2025-06-07 14:42:38,993 - INFO - @embedding.py: Succesfully added documents to vectorstore.
2025-06-07 14:42:41,265 - INFO - @embedding.py: Succesfully retrieved documents.
2025-06-07 14:42:41,407 - INFO - @embedding.py: Succesfully retrieved documents.
2025-06-07 14:42:41,542 - INFO - @embedding.py: Succesfully retrieved documents.
2025-06-26 18:23:14,929 - INFO - @config.py initialized successfully
2025-06-26 18:23:15,883 - INFO - @embedding.py: Loaded 30 pages from PDF.
2025-06-26 18:23:26,113 - INFO - @embedding.py: Succesfully Instantiated Qdrant client.
